0 info it worked if it ends with ok
1 verbose cli [ '/Users/victortran/.nvm/versions/node/v6.3.1/bin/node',
1 verbose cli   '/Users/victortran/.nvm/versions/node/v6.3.1/bin/npm',
1 verbose cli   'start' ]
2 info using npm@3.10.3
3 info using node@v6.3.1
4 verbose run-script [ 'prestart', 'start', 'poststart' ]
5 info lifecycle bredemo@1.0.0~prestart: bredemo@1.0.0
6 silly lifecycle bredemo@1.0.0~prestart: no script for prestart, continuing
7 info lifecycle bredemo@1.0.0~start: bredemo@1.0.0
8 verbose lifecycle bredemo@1.0.0~start: unsafe-perm in lifecycle true
9 verbose lifecycle bredemo@1.0.0~start: PATH: /Users/victortran/.nvm/versions/node/v6.3.1/lib/node_modules/npm/bin/node-gyp-bin:/Users/victortran/code/wdi/jobs/BREdemo/node_modules/.bin:/Users/victortran/.nvm/versions/node/v6.3.1/bin:/Users/victortran/.nvm/versions/node/v6.3.1/bin:/Users/victortran/.rbenv/shims:/usr/local/heroku/bin:/usr/local/bin:/usr/local/sbin:/usr/local/share/npm/bin:/Users/victortran/.rbenv/bin:/usr/bin:/bin:/usr/sbin:/sbin:/usr/local/bin:/opt/X11/bin
10 verbose lifecycle bredemo@1.0.0~start: CWD: /Users/victortran/code/wdi/jobs/BREdemo
11 silly lifecycle bredemo@1.0.0~start: Args: [ '-c', 'node server.js' ]
12 silly lifecycle bredemo@1.0.0~start: Returned: code: 1  signal: null
13 info lifecycle bredemo@1.0.0~start: Failed to exec start script
14 verbose stack Error: bredemo@1.0.0 start: `node server.js`
14 verbose stack Exit status 1
14 verbose stack     at EventEmitter.<anonymous> (/Users/victortran/.nvm/versions/node/v6.3.1/lib/node_modules/npm/lib/utils/lifecycle.js:242:16)
14 verbose stack     at emitTwo (events.js:106:13)
14 verbose stack     at EventEmitter.emit (events.js:191:7)
14 verbose stack     at ChildProcess.<anonymous> (/Users/victortran/.nvm/versions/node/v6.3.1/lib/node_modules/npm/lib/utils/spawn.js:40:14)
14 verbose stack     at emitTwo (events.js:106:13)
14 verbose stack     at ChildProcess.emit (events.js:191:7)
14 verbose stack     at maybeClose (internal/child_process.js:852:16)
14 verbose stack     at Process.ChildProcess._handle.onexit (internal/child_process.js:215:5)
15 verbose pkgid bredemo@1.0.0
16 verbose cwd /Users/victortran/code/wdi/jobs/BREdemo
17 error Darwin 15.5.0
18 error argv "/Users/victortran/.nvm/versions/node/v6.3.1/bin/node" "/Users/victortran/.nvm/versions/node/v6.3.1/bin/npm" "start"
19 error node v6.3.1
20 error npm  v3.10.3
21 error code ELIFECYCLE
22 error bredemo@1.0.0 start: `node server.js`
22 error Exit status 1
23 error Failed at the bredemo@1.0.0 start script 'node server.js'.
23 error Make sure you have the latest version of node.js and npm installed.
23 error If you do, this is most likely a problem with the bredemo package,
23 error not with npm itself.
23 error Tell the author that this fails on your system:
23 error     node server.js
23 error You can get information on how to open an issue for this project with:
23 error     npm bugs bredemo
23 error Or if that isn't available, you can get their info via:
23 error     npm owner ls bredemo
23 error There is likely additional logging output above.
24 verbose exit [ 1, true ]
